*** Starting uWSGI 2.0.17.1 (64bit) on [Sun Jan 27 18:25:49 2019] ***
compiled with version: 4.8.5 20150623 (Red Hat 4.8.5-36) on 05 January 2019 12:11:32
os: Linux-3.10.0-957.1.3.el7.x86_64 #1 SMP Thu Nov 29 14:49:43 UTC 2018
nodename: iZ88ug1vddznqfZ
machine: x86_64
clock source: unix
pcre jit disabled
detected number of CPU cores: 1
current working directory: /home/www/jaktools/tools
writing pidfile to /home/www/jaktools/tools/log/uwsgi.pid
detected binary path: /usr/local/python3/bin/uwsgi
uWSGI running as root, you can use --uid/--gid/--chroot options
*** WARNING: you are running uWSGI as root !!! (use the --uid flag) *** 
chdir() to /home/www/jaktools/tools
your processes number limit is 7270
your memory page size is 4096 bytes
detected max file descriptor number: 65535
lock engine: pthread robust mutexes
thunder lock: disabled (you can enable it with --thunder-lock)
uwsgi socket 0 bound to TCP address :8000 fd 3
uWSGI running as root, you can use --uid/--gid/--chroot options
*** WARNING: you are running uWSGI as root !!! (use the --uid flag) *** 
Python version: 3.6.6 (default, Jan  5 2019, 19:50:55)  [GCC 4.8.5 20150623 (Red Hat 4.8.5-36)]
*** Python threads support is disabled. You can enable it with --enable-threads ***
Python main interpreter initialized at 0xd39680
uWSGI running as root, you can use --uid/--gid/--chroot options
*** WARNING: you are running uWSGI as root !!! (use the --uid flag) *** 
your server socket listen backlog is limited to 100 connections
your mercy for graceful operations on workers is 60 seconds
mapped 802120 bytes (783 KB) for 10 cores
*** Operational MODE: preforking ***
Traceback (most recent call last):
  File "./tools/wsgi.py", line 16, in <module>
    application = get_wsgi_application()
  File "/usr/local/python3/lib/python3.6/site-packages/django/core/wsgi.py", line 12, in get_wsgi_application
    django.setup(set_prefix=False)
  File "/usr/local/python3/lib/python3.6/site-packages/django/__init__.py", line 24, in setup
    apps.populate(settings.INSTALLED_APPS)
  File "/usr/local/python3/lib/python3.6/site-packages/django/apps/registry.py", line 89, in populate
    app_config = AppConfig.create(entry)
  File "/usr/local/python3/lib/python3.6/site-packages/django/apps/config.py", line 90, in create
    module = import_module(entry)
  File "/usr/local/python3/lib/python3.6/importlib/__init__.py", line 126, in import_module
    return _bootstrap._gcd_import(name[level:], package, level)
ModuleNotFoundError: No module named 'corsheaders'
unable to load app 0 (mountpoint='') (callable not found or import error)
*** no app loaded. going in full dynamic mode ***
uWSGI running as root, you can use --uid/--gid/--chroot options
*** WARNING: you are running uWSGI as root !!! (use the --uid flag) *** 
*** uWSGI is running in multiple interpreter mode ***
spawned uWSGI master process (pid: 31935)
spawned uWSGI worker 1 (pid: 31937, cores: 1)
spawned uWSGI worker 2 (pid: 31938, cores: 1)
spawned uWSGI worker 3 (pid: 31939, cores: 1)
spawned uWSGI worker 4 (pid: 31940, cores: 1)
spawned uWSGI worker 5 (pid: 31941, cores: 1)
spawned uWSGI worker 6 (pid: 31942, cores: 1)
spawned uWSGI worker 7 (pid: 31943, cores: 1)
spawned uWSGI worker 8 (pid: 31944, cores: 1)
spawned uWSGI worker 9 (pid: 31945, cores: 1)
spawned uWSGI worker 10 (pid: 31946, cores: 1)
SIGINT/SIGQUIT received...killing workers...
worker 1 buried after 1 seconds
worker 2 buried after 1 seconds
worker 3 buried after 1 seconds
worker 4 buried after 1 seconds
worker 5 buried after 1 seconds
worker 6 buried after 1 seconds
worker 7 buried after 1 seconds
worker 8 buried after 1 seconds
worker 9 buried after 1 seconds
worker 10 buried after 1 seconds
goodbye to uWSGI.
VACUUM: pidfile removed.
